[1022/164539.959:ERROR:process_reader_win.cc(151)] SuspendThread: Access is denied. (0x5)
[1022/164539.960:ERROR:exception_snapshot_win.cc(98)] thread ID 15000 not found in process
[1022/164539.960:ERROR:scoped_process_suspend.cc(40)] NtResumeProcess: An attempt was made to access an exiting process. (0xc000010a)
[1026/190906.854:ERROR:process_info.cc(359)] UncheckedAllocate
[1027/150705.159:ERROR:scoped_process_suspend.cc(40)] NtResumeProcess: An attempt was made to access an exiting process. (0xc000010a)
[1027/180618.431:ERROR:process_reader_win.cc(151)] SuspendThread: Access is denied. (0x5)
[1027/180618.432:ERROR:process_reader_win.cc(151)] SuspendThread: Access is denied. (0x5)
[1027/180618.432:ERROR:process_reader_win.cc(123)] NtOpenThread: {Access Denied} A process has requested access to an object, but has not been granted those access rights. (0xc0000022)
[1027/180618.434:ERROR:exception_snapshot_win.cc(98)] thread ID 97352 not found in process
[1027/180618.565:ERROR:process_reader_win.cc(151)] SuspendThread: Access is denied. (0x5)
[1027/180618.566:ERROR:process_reader_win.cc(123)] NtOpenThread: {Access Denied} A process has requested access to an object, but has not been granted those access rights. (0xc0000022)
[1027/180618.612:ERROR:exception_snapshot_win.cc(98)] thread ID 47816 not found in process
[1027/180618.714:ERROR:process_reader_win.cc(151)] SuspendThread: Access is denied. (0x5)
[1027/180618.715:ERROR:process_reader_win.cc(151)] SuspendThread: Access is denied. (0x5)
[1027/180618.715:ERROR:process_reader_win.cc(123)] NtOpenThread: {Access Denied} A process has requested access to an object, but has not been granted those access rights. (0xc0000022)
[1027/180618.760:ERROR:exception_snapshot_win.cc(98)] thread ID 129080 not found in process
[1027/180618.839:ERROR:process_reader_win.cc(151)] SuspendThread: Access is denied. (0x5)
[1027/180618.839:ERROR:process_reader_win.cc(151)] SuspendThread: Access is denied. (0x5)
[1027/180618.839:ERROR:process_reader_win.cc(151)] SuspendThread: Access is denied. (0x5)
[1027/180618.840:ERROR:process_reader_win.cc(151)] SuspendThread: Access is denied. (0x5)
[1027/180618.840:ERROR:process_reader_win.cc(151)] SuspendThread: Access is denied. (0x5)
[1027/180618.840:ERROR:process_reader_win.cc(151)] SuspendThread: Access is denied. (0x5)
[1027/180618.840:ERROR:process_reader_win.cc(151)] SuspendThread: Access is denied. (0x5)
[1027/180618.840:ERROR:process_reader_win.cc(151)] SuspendThread: Access is denied. (0x5)
[1027/180618.840:ERROR:process_reader_win.cc(151)] SuspendThread: Access is denied. (0x5)
[1027/180618.840:ERROR:process_reader_win.cc(151)] SuspendThread: Access is denied. (0x5)
[1027/180618.840:ERROR:process_reader_win.cc(151)] SuspendThread: Access is denied. (0x5)
[1027/180618.840:ERROR:process_reader_win.cc(151)] SuspendThread: Access is denied. (0x5)
[1027/180618.840:ERROR:process_reader_win.cc(151)] SuspendThread: Access is denied. (0x5)
[1027/180618.840:ERROR:process_reader_win.cc(123)] NtOpenThread: {Access Denied} A process has requested access to an object, but has not been granted those access rights. (0xc0000022)
[1027/180618.842:ERROR:exception_snapshot_win.cc(98)] thread ID 105724 not found in process
[1027/180618.891:ERROR:process_reader_win.cc(151)] SuspendThread: Access is denied. (0x5)
[1027/180618.892:ERROR:process_reader_win.cc(151)] SuspendThread: Access is denied. (0x5)
[1027/180618.892:ERROR:process_reader_win.cc(151)] SuspendThread: Access is denied. (0x5)
[1027/180618.892:ERROR:process_reader_win.cc(123)] NtOpenThread: {Access Denied} A process has requested access to an object, but has not been granted those access rights. (0xc0000022)
[1027/180618.906:ERROR:exception_snapshot_win.cc(98)] thread ID 128340 not found in process
[1027/180618.967:ERROR:process_reader_win.cc(151)] SuspendThread: Access is denied. (0x5)
[1027/180618.968:ERROR:process_reader_win.cc(123)] NtOpenThread: {Access Denied} A process has requested access to an object, but has not been granted those access rights. (0xc0000022)
[1027/180618.986:ERROR:exception_snapshot_win.cc(98)] thread ID 81328 not found in process
[1027/180619.051:ERROR:process_reader_win.cc(151)] SuspendThread: Access is denied. (0x5)
[1027/180619.052:ERROR:process_reader_win.cc(151)] SuspendThread: Access is denied. (0x5)
[1027/180619.052:ERROR:process_reader_win.cc(151)] SuspendThread: Access is denied. (0x5)
[1027/180619.052:ERROR:process_reader_win.cc(151)] SuspendThread: Access is denied. (0x5)
[1027/180619.052:ERROR:process_reader_win.cc(151)] SuspendThread: Access is denied. (0x5)
[1027/180619.052:ERROR:process_reader_win.cc(151)] SuspendThread: Access is denied. (0x5)
[1027/180619.052:ERROR:process_reader_win.cc(151)] SuspendThread: Access is denied. (0x5)
[1027/180619.052:ERROR:process_reader_win.cc(151)] SuspendThread: Access is denied. (0x5)
[1027/180619.052:ERROR:process_reader_win.cc(151)] SuspendThread: Access is denied. (0x5)
[1027/180619.052:ERROR:process_reader_win.cc(151)] SuspendThread: Access is denied. (0x5)
[1027/180619.052:ERROR:process_reader_win.cc(151)] SuspendThread: Access is denied. (0x5)
[1027/180619.052:ERROR:process_reader_win.cc(123)] NtOpenThread: {Access Denied} A process has requested access to an object, but has not been granted those access rights. (0xc0000022)
[1027/180619.063:ERROR:exception_snapshot_win.cc(98)] thread ID 141056 not found in process
[1027/180619.160:ERROR:process_reader_win.cc(151)] SuspendThread: Access is denied. (0x5)
[1027/180619.161:ERROR:process_reader_win.cc(123)] NtOpenThread: {Access Denied} A process has requested access to an object, but has not been granted those access rights. (0xc0000022)
[1027/180619.162:ERROR:exception_snapshot_win.cc(98)] thread ID 114808 not found in process
[1027/180619.220:ERROR:process_reader_win.cc(151)] SuspendThread: Access is denied. (0x5)
[1027/180619.221:ERROR:process_reader_win.cc(151)] SuspendThread: Access is denied. (0x5)
[1027/180619.221:ERROR:process_reader_win.cc(123)] NtOpenThread: {Access Denied} A process has requested access to an object, but has not been granted those access rights. (0xc0000022)
[1027/180619.228:ERROR:exception_snapshot_win.cc(98)] thread ID 13024 not found in process
[1027/180619.289:ERROR:process_reader_win.cc(151)] SuspendThread: Access is denied. (0x5)
[1027/180619.290:ERROR:process_reader_win.cc(151)] SuspendThread: Access is denied. (0x5)
[1027/180619.290:ERROR:process_reader_win.cc(123)] NtOpenThread: {Access Denied} A process has requested access to an object, but has not been granted those access rights. (0xc0000022)
[1027/180619.291:ERROR:exception_snapshot_win.cc(98)] thread ID 81756 not found in process
[1027/180619.362:ERROR:process_reader_win.cc(151)] SuspendThread: Access is denied. (0x5)
[1027/180619.363:ERROR:process_reader_win.cc(151)] SuspendThread: Access is denied. (0x5)
[1027/180619.364:ERROR:process_reader_win.cc(151)] SuspendThread: Access is denied. (0x5)
[1027/180619.364:ERROR:process_reader_win.cc(151)] SuspendThread: Access is denied. (0x5)
[1027/180619.364:ERROR:process_reader_win.cc(151)] SuspendThread: Access is denied. (0x5)
[1027/180619.364:ERROR:process_reader_win.cc(151)] SuspendThread: Access is denied. (0x5)
[1027/180619.364:ERROR:process_reader_win.cc(151)] SuspendThread: Access is denied. (0x5)
[1027/180619.364:ERROR:process_reader_win.cc(151)] SuspendThread: Access is denied. (0x5)
[1027/180619.364:ERROR:process_reader_win.cc(151)] SuspendThread: Access is denied. (0x5)
[1027/180619.364:ERROR:process_reader_win.cc(151)] SuspendThread: Access is denied. (0x5)
[1027/180619.364:ERROR:process_reader_win.cc(151)] SuspendThread: Access is denied. (0x5)
[1027/180619.364:ERROR:process_reader_win.cc(123)] NtOpenThread: {Access Denied} A process has requested access to an object, but has not been granted those access rights. (0xc0000022)
[1027/180619.384:ERROR:exception_snapshot_win.cc(98)] thread ID 31340 not found in process
[1027/180619.454:ERROR:process_reader_win.cc(151)] SuspendThread: Access is denied. (0x5)
[1027/180619.455:ERROR:process_reader_win.cc(151)] SuspendThread: Access is denied. (0x5)
[1027/180619.455:ERROR:process_reader_win.cc(123)] NtOpenThread: {Access Denied} A process has requested access to an object, but has not been granted those access rights. (0xc0000022)
[1027/180619.472:ERROR:exception_snapshot_win.cc(98)] thread ID 69020 not found in process
[1027/180619.524:ERROR:process_reader_win.cc(123)] NtOpenThread: {Access Denied} A process has requested access to an object, but has not been granted those access rights. (0xc0000022)
[1027/180619.528:ERROR:exception_snapshot_win.cc(98)] thread ID 80864 not found in process
[1027/180619.645:ERROR:process_reader_win.cc(151)] SuspendThread: Access is denied. (0x5)
[1027/180619.646:ERROR:process_reader_win.cc(123)] NtOpenThread: {Access Denied} A process has requested access to an object, but has not been granted those access rights. (0xc0000022)
[1027/180619.651:ERROR:exception_snapshot_win.cc(98)] thread ID 113988 not found in process
[1027/180619.711:ERROR:process_reader_win.cc(151)] SuspendThread: Access is denied. (0x5)
[1027/180619.712:ERROR:process_reader_win.cc(123)] NtOpenThread: {Access Denied} A process has requested access to an object, but has not been granted those access rights. (0xc0000022)
[1027/180619.714:ERROR:exception_snapshot_win.cc(98)] thread ID 121804 not found in process
[1027/180619.792:ERROR:process_reader_win.cc(151)] SuspendThread: Access is denied. (0x5)
[1027/180619.793:ERROR:process_reader_win.cc(123)] NtOpenThread: {Access Denied} A process has requested access to an object, but has not been granted those access rights. (0xc0000022)
[1027/180619.821:ERROR:exception_snapshot_win.cc(98)] thread ID 85576 not found in process
[1027/180619.875:ERROR:process_reader_win.cc(151)] SuspendThread: Access is denied. (0x5)
[1027/180619.876:ERROR:process_reader_win.cc(151)] SuspendThread: Access is denied. (0x5)
[1027/180619.876:ERROR:process_reader_win.cc(151)] SuspendThread: Access is denied. (0x5)
[1027/180619.876:ERROR:process_reader_win.cc(151)] SuspendThread: Access is denied. (0x5)
[1027/180619.876:ERROR:process_reader_win.cc(123)] NtOpenThread: {Access Denied} A process has requested access to an object, but has not been granted those access rights. (0xc0000022)
[1027/180619.877:ERROR:exception_snapshot_win.cc(98)] thread ID 135628 not found in process
[1027/180619.934:ERROR:process_reader_win.cc(151)] SuspendThread: Access is denied. (0x5)
[1027/180619.935:ERROR:process_reader_win.cc(123)] NtOpenThread: {Access Denied} A process has requested access to an object, but has not been granted those access rights. (0xc0000022)
[1027/180619.935:ERROR:exception_snapshot_win.cc(98)] thread ID 72224 not found in process
[1027/180620.128:ERROR:process_reader_win.cc(151)] SuspendThread: Access is denied. (0x5)
[1027/180620.128:ERROR:process_reader_win.cc(123)] NtOpenThread: {Access Denied} A process has requested access to an object, but has not been granted those access rights. (0xc0000022)
[1027/180620.129:ERROR:exception_snapshot_win.cc(98)] thread ID 131024 not found in process
[1027/180620.235:ERROR:process_reader_win.cc(151)] SuspendThread: Access is denied. (0x5)
[1027/180620.236:ERROR:process_reader_win.cc(151)] SuspendThread: Access is denied. (0x5)
[1027/180620.236:ERROR:process_reader_win.cc(151)] SuspendThread: Access is denied. (0x5)
[1027/180620.236:ERROR:process_reader_win.cc(123)] NtOpenThread: {Access Denied} A process has requested access to an object, but has not been granted those access rights. (0xc0000022)
[1027/180620.237:ERROR:exception_snapshot_win.cc(98)] thread ID 125208 not found in process
[1027/180620.290:ERROR:process_reader_win.cc(151)] SuspendThread: Access is denied. (0x5)
[1027/180620.291:ERROR:process_reader_win.cc(123)] NtOpenThread: {Access Denied} A process has requested access to an object, but has not been granted those access rights. (0xc0000022)
[1027/180620.291:ERROR:exception_snapshot_win.cc(98)] thread ID 83048 not found in process
[1027/180620.347:ERROR:process_reader_win.cc(151)] SuspendThread: Access is denied. (0x5)
[1027/180620.348:ERROR:process_reader_win.cc(123)] NtOpenThread: {Access Denied} A process has requested access to an object, but has not been granted those access rights. (0xc0000022)
[1027/180620.355:ERROR:exception_snapshot_win.cc(98)] thread ID 135188 not found in process
[1027/180620.412:ERROR:process_reader_win.cc(151)] SuspendThread: Access is denied. (0x5)
[1027/180620.413:ERROR:process_reader_win.cc(123)] NtOpenThread: {Access Denied} A process has requested access to an object, but has not been granted those access rights. (0xc0000022)
[1027/180620.414:ERROR:exception_snapshot_win.cc(98)] thread ID 132700 not found in process
[1027/180620.475:ERROR:process_reader_win.cc(151)] SuspendThread: Access is denied. (0x5)
[1027/180620.476:ERROR:process_reader_win.cc(151)] SuspendThread: Access is denied. (0x5)
[1027/180620.476:ERROR:process_reader_win.cc(123)] NtOpenThread: {Access Denied} A process has requested access to an object, but has not been granted those access rights. (0xc0000022)
[1027/180620.477:ERROR:exception_snapshot_win.cc(98)] thread ID 125848 not found in process
[1027/180620.526:ERROR:process_reader_win.cc(151)] SuspendThread: Access is denied. (0x5)
[1027/180620.527:ERROR:process_reader_win.cc(123)] NtOpenThread: {Access Denied} A process has requested access to an object, but has not been granted those access rights. (0xc0000022)
[1027/180620.527:ERROR:exception_snapshot_win.cc(98)] thread ID 118364 not found in process
[1027/180620.587:ERROR:process_reader_win.cc(151)] SuspendThread: Access is denied. (0x5)
[1027/180620.588:ERROR:process_reader_win.cc(151)] SuspendThread: Access is denied. (0x5)
[1027/180620.588:ERROR:process_reader_win.cc(151)] SuspendThread: Access is denied. (0x5)
[1027/180620.588:ERROR:process_reader_win.cc(123)] NtOpenThread: {Access Denied} A process has requested access to an object, but has not been granted those access rights. (0xc0000022)
[1027/180620.589:ERROR:exception_snapshot_win.cc(98)] thread ID 138760 not found in process
[1027/180620.663:ERROR:process_reader_win.cc(151)] SuspendThread: Access is denied. (0x5)
[1027/180620.664:ERROR:process_reader_win.cc(151)] SuspendThread: Access is denied. (0x5)
[1027/180620.664:ERROR:process_reader_win.cc(123)] NtOpenThread: {Access Denied} A process has requested access to an object, but has not been granted those access rights. (0xc0000022)
[1027/180620.665:ERROR:exception_snapshot_win.cc(98)] thread ID 57384 not found in process
[1027/180620.739:ERROR:process_reader_win.cc(151)] SuspendThread: Access is denied. (0x5)
[1027/180620.739:ERROR:process_reader_win.cc(151)] SuspendThread: Access is denied. (0x5)
[1027/180620.739:ERROR:process_reader_win.cc(123)] NtOpenThread: {Access Denied} A process has requested access to an object, but has not been granted those access rights. (0xc0000022)
[1027/180620.740:ERROR:exception_snapshot_win.cc(98)] thread ID 93188 not found in process
[1027/180620.868:ERROR:process_reader_win.cc(123)] NtOpenThread: {Access Denied} A process has requested access to an object, but has not been granted those access rights. (0xc0000022)
[1027/180620.869:ERROR:exception_snapshot_win.cc(98)] thread ID 25448 not found in process
[1027/180620.975:ERROR:process_reader_win.cc(151)] SuspendThread: Access is denied. (0x5)
[1027/180620.976:ERROR:process_reader_win.cc(123)] NtOpenThread: {Access Denied} A process has requested access to an object, but has not been granted those access rights. (0xc0000022)
[1027/180620.977:ERROR:exception_snapshot_win.cc(98)] thread ID 110328 not found in process
[1027/180621.091:ERROR:process_reader_win.cc(151)] SuspendThread: Access is denied. (0x5)
[1027/180621.091:ERROR:process_reader_win.cc(151)] SuspendThread: Access is denied. (0x5)
[1027/180621.091:ERROR:process_reader_win.cc(123)] NtOpenThread: {Access Denied} A process has requested access to an object, but has not been granted those access rights. (0xc0000022)
[1027/180621.093:ERROR:exception_snapshot_win.cc(98)] thread ID 120660 not found in process
[1027/180621.179:ERROR:process_reader_win.cc(151)] SuspendThread: Access is denied. (0x5)
[1027/180621.180:ERROR:process_reader_win.cc(151)] SuspendThread: Access is denied. (0x5)
[1027/180621.180:ERROR:process_reader_win.cc(151)] SuspendThread: Access is denied. (0x5)
[1027/180621.180:ERROR:process_reader_win.cc(123)] NtOpenThread: {Access Denied} A process has requested access to an object, but has not been granted those access rights. (0xc0000022)
[1027/180621.185:ERROR:exception_snapshot_win.cc(98)] thread ID 64800 not found in process
[1027/180621.246:ERROR:process_reader_win.cc(151)] SuspendThread: Access is denied. (0x5)
[1027/180621.246:ERROR:process_reader_win.cc(123)] NtOpenThread: {Access Denied} A process has requested access to an object, but has not been granted those access rights. (0xc0000022)
[1027/180621.247:ERROR:exception_snapshot_win.cc(98)] thread ID 133292 not found in process
[1027/180621.307:ERROR:process_reader_win.cc(151)] SuspendThread: Access is denied. (0x5)
[1027/180621.308:ERROR:process_reader_win.cc(151)] SuspendThread: Access is denied. (0x5)
[1027/180621.308:ERROR:process_reader_win.cc(151)] SuspendThread: Access is denied. (0x5)
[1027/180621.308:ERROR:process_reader_win.cc(123)] NtOpenThread: {Access Denied} A process has requested access to an object, but has not been granted those access rights. (0xc0000022)
[1027/180621.309:ERROR:exception_snapshot_win.cc(98)] thread ID 84508 not found in process
[1027/180621.399:ERROR:process_reader_win.cc(151)] SuspendThread: Access is denied. (0x5)
[1027/180621.400:ERROR:process_reader_win.cc(123)] NtOpenThread: {Access Denied} A process has requested access to an object, but has not been granted those access rights. (0xc0000022)
[1027/180621.401:ERROR:exception_snapshot_win.cc(98)] thread ID 70352 not found in process
[1027/180621.491:ERROR:process_reader_win.cc(151)] SuspendThread: Access is denied. (0x5)
[1027/180621.492:ERROR:process_reader_win.cc(151)] SuspendThread: Access is denied. (0x5)
[1027/180621.492:ERROR:process_reader_win.cc(151)] SuspendThread: Access is denied. (0x5)
[1027/180621.492:ERROR:process_reader_win.cc(123)] NtOpenThread: {Access Denied} A process has requested access to an object, but has not been granted those access rights. (0xc0000022)
[1027/180621.493:ERROR:exception_snapshot_win.cc(98)] thread ID 105136 not found in process
[1027/180621.551:ERROR:process_reader_win.cc(151)] SuspendThread: Access is denied. (0x5)
[1027/180621.552:ERROR:process_reader_win.cc(123)] NtOpenThread: {Access Denied} A process has requested access to an object, but has not been granted those access rights. (0xc0000022)
[1027/180621.553:ERROR:exception_snapshot_win.cc(98)] thread ID 105568 not found in process
[1027/180621.629:ERROR:process_reader_win.cc(151)] SuspendThread: Access is denied. (0x5)
[1027/180621.630:ERROR:process_reader_win.cc(151)] SuspendThread: Access is denied. (0x5)
[1027/180621.630:ERROR:process_reader_win.cc(123)] NtOpenThread: {Access Denied} A process has requested access to an object, but has not been granted those access rights. (0xc0000022)
[1027/180621.631:ERROR:exception_snapshot_win.cc(98)] thread ID 59876 not found in process
[1027/180621.680:ERROR:process_reader_win.cc(151)] SuspendThread: Access is denied. (0x5)
[1027/180621.681:ERROR:process_reader_win.cc(151)] SuspendThread: Access is denied. (0x5)
[1027/180621.681:ERROR:process_reader_win.cc(123)] NtOpenThread: {Access Denied} A process has requested access to an object, but has not been granted those access rights. (0xc0000022)
[1027/180621.682:ERROR:exception_snapshot_win.cc(98)] thread ID 87756 not found in process
[1027/180621.745:ERROR:process_reader_win.cc(151)] SuspendThread: Access is denied. (0x5)
[1027/180621.745:ERROR:process_reader_win.cc(151)] SuspendThread: Access is denied. (0x5)
[1027/180621.745:ERROR:process_reader_win.cc(123)] NtOpenThread: {Access Denied} A process has requested access to an object, but has not been granted those access rights. (0xc0000022)
[1027/180621.746:ERROR:exception_snapshot_win.cc(98)] thread ID 124344 not found in process
[1027/180621.800:ERROR:process_reader_win.cc(151)] SuspendThread: Access is denied. (0x5)
[1027/180621.800:ERROR:process_reader_win.cc(151)] SuspendThread: Access is denied. (0x5)
[1027/180621.800:ERROR:process_reader_win.cc(123)] NtOpenThread: {Access Denied} A process has requested access to an object, but has not been granted those access rights. (0xc0000022)
[1027/180621.801:ERROR:exception_snapshot_win.cc(98)] thread ID 112192 not found in process
[1027/180621.867:ERROR:process_reader_win.cc(151)] SuspendThread: Access is denied. (0x5)
[1027/180621.868:ERROR:process_reader_win.cc(151)] SuspendThread: Access is denied. (0x5)
[1027/180621.868:ERROR:process_reader_win.cc(123)] NtOpenThread: {Access Denied} A process has requested access to an object, but has not been granted those access rights. (0xc0000022)
[1027/180621.868:ERROR:exception_snapshot_win.cc(98)] thread ID 64448 not found in process
[1027/180621.915:ERROR:process_reader_win.cc(151)] SuspendThread: Access is denied. (0x5)
[1027/180621.915:ERROR:process_reader_win.cc(151)] SuspendThread: Access is denied. (0x5)
[1027/180621.915:ERROR:process_reader_win.cc(123)] NtOpenThread: {Access Denied} A process has requested access to an object, but has not been granted those access rights. (0xc0000022)
[1027/180621.916:ERROR:exception_snapshot_win.cc(98)] thread ID 79732 not found in process
[1027/182326.264:ERROR:process_reader_win.cc(151)] SuspendThread: Access is denied. (0x5)
[1027/182326.265:ERROR:process_reader_win.cc(151)] SuspendThread: Access is denied. (0x5)
[1027/182326.265:ERROR:process_reader_win.cc(151)] SuspendThread: Access is denied. (0x5)
[1027/182326.265:ERROR:process_reader_win.cc(123)] NtOpenThread: {Access Denied} A process has requested access to an object, but has not been granted those access rights. (0xc0000022)
[1027/182326.267:ERROR:exception_snapshot_win.cc(98)] thread ID 105660 not found in process
[1027/182326.336:ERROR:process_reader_win.cc(151)] SuspendThread: Access is denied. (0x5)
[1027/182326.336:ERROR:process_reader_win.cc(123)] NtOpenThread: {Access Denied} A process has requested access to an object, but has not been granted those access rights. (0xc0000022)
[1027/182326.351:ERROR:exception_snapshot_win.cc(98)] thread ID 86752 not found in process
[1027/182326.418:ERROR:process_reader_win.cc(151)] SuspendThread: Access is denied. (0x5)
[1027/182326.419:ERROR:process_reader_win.cc(151)] SuspendThread: Access is denied. (0x5)
[1027/182326.419:ERROR:process_reader_win.cc(123)] NtOpenThread: {Access Denied} A process has requested access to an object, but has not been granted those access rights. (0xc0000022)
[1027/182326.420:ERROR:exception_snapshot_win.cc(98)] thread ID 131644 not found in process
[1027/182326.487:ERROR:process_reader_win.cc(151)] SuspendThread: Access is denied. (0x5)
[1027/182326.487:ERROR:process_reader_win.cc(123)] NtOpenThread: {Access Denied} A process has requested access to an object, but has not been granted those access rights. (0xc0000022)
[1027/182326.489:ERROR:exception_snapshot_win.cc(98)] thread ID 142840 not found in process
[1027/182326.539:ERROR:process_reader_win.cc(151)] SuspendThread: Access is denied. (0x5)
[1027/182326.540:ERROR:process_reader_win.cc(151)] SuspendThread: Access is denied. (0x5)
[1027/182326.540:ERROR:process_reader_win.cc(123)] NtOpenThread: {Access Denied} A process has requested access to an object, but has not been granted those access rights. (0xc0000022)
[1027/182326.547:ERROR:exception_snapshot_win.cc(98)] thread ID 119104 not found in process
[1027/182326.608:ERROR:process_reader_win.cc(151)] SuspendThread: Access is denied. (0x5)
[1027/182326.609:ERROR:process_reader_win.cc(123)] NtOpenThread: {Access Denied} A process has requested access to an object, but has not been granted those access rights. (0xc0000022)
[1027/182326.611:ERROR:exception_snapshot_win.cc(98)] thread ID 87188 not found in process
[1027/182326.668:ERROR:process_reader_win.cc(151)] SuspendThread: Access is denied. (0x5)
[1027/182326.668:ERROR:process_reader_win.cc(151)] SuspendThread: Access is denied. (0x5)
[1027/182326.668:ERROR:process_reader_win.cc(151)] SuspendThread: Access is denied. (0x5)
[1027/182326.668:ERROR:process_reader_win.cc(123)] NtOpenThread: {Access Denied} A process has requested access to an object, but has not been granted those access rights. (0xc0000022)
[1027/182326.670:ERROR:exception_snapshot_win.cc(98)] thread ID 123516 not found in process
[1027/182326.744:ERROR:process_reader_win.cc(123)] NtOpenThread: {Access Denied} A process has requested access to an object, but has not been granted those access rights. (0xc0000022)
[1027/182326.745:ERROR:exception_snapshot_win.cc(98)] thread ID 51508 not found in process
[1027/182326.878:ERROR:process_reader_win.cc(151)] SuspendThread: Access is denied. (0x5)
[1027/182326.879:ERROR:process_reader_win.cc(151)] SuspendThread: Access is denied. (0x5)
[1027/182326.879:ERROR:process_reader_win.cc(123)] NtOpenThread: {Access Denied} A process has requested access to an object, but has not been granted those access rights. (0xc0000022)
[1027/182326.880:ERROR:exception_snapshot_win.cc(98)] thread ID 83468 not found in process
[1027/182326.953:ERROR:process_reader_win.cc(151)] SuspendThread: Access is denied. (0x5)
[1027/182326.954:ERROR:process_reader_win.cc(123)] NtOpenThread: {Access Denied} A process has requested access to an object, but has not been granted those access rights. (0xc0000022)
[1027/182326.956:ERROR:exception_snapshot_win.cc(98)] thread ID 94260 not found in process
[1027/182327.022:ERROR:process_reader_win.cc(123)] NtOpenThread: {Access Denied} A process has requested access to an object, but has not been granted those access rights. (0xc0000022)
[1027/182327.023:ERROR:exception_snapshot_win.cc(98)] thread ID 105996 not found in process
[1027/182327.121:ERROR:process_reader_win.cc(151)] SuspendThread: Access is denied. (0x5)
[1027/182327.121:ERROR:process_reader_win.cc(151)] SuspendThread: Access is denied. (0x5)
[1027/182327.121:ERROR:process_reader_win.cc(123)] NtOpenThread: {Access Denied} A process has requested access to an object, but has not been granted those access rights. (0xc0000022)
[1027/182327.122:ERROR:exception_snapshot_win.cc(98)] thread ID 117504 not found in process
[1027/182327.177:ERROR:process_reader_win.cc(151)] SuspendThread: Access is denied. (0x5)
[1027/182327.178:ERROR:process_reader_win.cc(151)] SuspendThread: Access is denied. (0x5)
[1027/182327.178:ERROR:process_reader_win.cc(123)] NtOpenThread: {Access Denied} A process has requested access to an object, but has not been granted those access rights. (0xc0000022)
[1027/182327.179:ERROR:exception_snapshot_win.cc(98)] thread ID 81696 not found in process
[1027/182327.274:ERROR:process_reader_win.cc(123)] NtOpenThread: {Access Denied} A process has requested access to an object, but has not been granted those access rights. (0xc0000022)
[1027/182327.276:ERROR:exception_snapshot_win.cc(98)] thread ID 129572 not found in process
[1027/182327.389:ERROR:process_reader_win.cc(151)] SuspendThread: Access is denied. (0x5)
[1027/182327.390:ERROR:process_reader_win.cc(123)] NtOpenThread: {Access Denied} A process has requested access to an object, but has not been granted those access rights. (0xc0000022)
[1027/182327.391:ERROR:exception_snapshot_win.cc(98)] thread ID 99184 not found in process
[1027/182327.508:ERROR:process_reader_win.cc(151)] SuspendThread: Access is denied. (0x5)
[1027/182327.508:ERROR:process_reader_win.cc(151)] SuspendThread: Access is denied. (0x5)
[1027/182327.508:ERROR:process_reader_win.cc(123)] NtOpenThread: {Access Denied} A process has requested access to an object, but has not been granted those access rights. (0xc0000022)
[1027/182327.509:ERROR:exception_snapshot_win.cc(98)] thread ID 132696 not found in process
[1027/182327.558:ERROR:process_reader_win.cc(151)] SuspendThread: Access is denied. (0x5)
[1027/182327.559:ERROR:process_reader_win.cc(151)] SuspendThread: Access is denied. (0x5)
[1027/182327.559:ERROR:process_reader_win.cc(123)] NtOpenThread: {Access Denied} A process has requested access to an object, but has not been granted those access rights. (0xc0000022)
[1027/182327.565:ERROR:exception_snapshot_win.cc(98)] thread ID 112780 not found in process
[1027/182327.637:ERROR:process_reader_win.cc(123)] NtOpenThread: {Access Denied} A process has requested access to an object, but has not been granted those access rights. (0xc0000022)
[1027/182327.639:ERROR:exception_snapshot_win.cc(98)] thread ID 144592 not found in process
[1027/182327.747:ERROR:process_reader_win.cc(151)] SuspendThread: Access is denied. (0x5)
[1027/182327.747:ERROR:process_reader_win.cc(151)] SuspendThread: Access is denied. (0x5)
[1027/182327.747:ERROR:process_reader_win.cc(123)] NtOpenThread: {Access Denied} A process has requested access to an object, but has not been granted those access rights. (0xc0000022)
[1027/182327.749:ERROR:exception_snapshot_win.cc(98)] thread ID 1208 not found in process
[1027/182327.835:ERROR:process_reader_win.cc(151)] SuspendThread: Access is denied. (0x5)
[1027/182327.835:ERROR:process_reader_win.cc(123)] NtOpenThread: {Access Denied} A process has requested access to an object, but has not been granted those access rights. (0xc0000022)
[1027/182327.836:ERROR:exception_snapshot_win.cc(98)] thread ID 59044 not found in process
[1027/182327.890:ERROR:process_reader_win.cc(123)] NtOpenThread: {Access Denied} A process has requested access to an object, but has not been granted those access rights. (0xc0000022)
[1027/182327.892:ERROR:exception_snapshot_win.cc(98)] thread ID 143964 not found in process
[1027/182327.995:ERROR:process_reader_win.cc(151)] SuspendThread: Access is denied. (0x5)
[1027/182327.996:ERROR:process_reader_win.cc(151)] SuspendThread: Access is denied. (0x5)
[1027/182327.996:ERROR:process_reader_win.cc(123)] NtOpenThread: {Access Denied} A process has requested access to an object, but has not been granted those access rights. (0xc0000022)
[1027/182327.997:ERROR:exception_snapshot_win.cc(98)] thread ID 79916 not found in process
[1027/182328.061:ERROR:process_reader_win.cc(123)] NtOpenThread: {Access Denied} A process has requested access to an object, but has not been granted those access rights. (0xc0000022)
[1027/182328.063:ERROR:exception_snapshot_win.cc(98)] thread ID 70160 not found in process
[1027/182328.158:ERROR:process_reader_win.cc(123)] NtOpenThread: {Access Denied} A process has requested access to an object, but has not been granted those access rights. (0xc0000022)
[1027/182328.159:ERROR:exception_snapshot_win.cc(98)] thread ID 15188 not found in process
[1027/182328.261:ERROR:process_reader_win.cc(123)] NtOpenThread: {Access Denied} A process has requested access to an object, but has not been granted those access rights. (0xc0000022)
[1027/182328.262:ERROR:exception_snapshot_win.cc(98)] thread ID 68416 not found in process
[1027/182328.343:ERROR:process_reader_win.cc(123)] NtOpenThread: {Access Denied} A process has requested access to an object, but has not been granted those access rights. (0xc0000022)
[1027/182328.343:ERROR:exception_snapshot_win.cc(98)] thread ID 69480 not found in process
[1027/182328.458:ERROR:process_reader_win.cc(123)] NtOpenThread: {Access Denied} A process has requested access to an object, but has not been granted those access rights. (0xc0000022)
[1027/182328.460:ERROR:exception_snapshot_win.cc(98)] thread ID 55436 not found in process
[1027/182328.562:ERROR:process_reader_win.cc(123)] NtOpenThread: {Access Denied} A process has requested access to an object, but has not been granted those access rights. (0xc0000022)
[1027/182328.562:ERROR:exception_snapshot_win.cc(98)] thread ID 106432 not found in process
[1027/182328.694:ERROR:process_reader_win.cc(123)] NtOpenThread: {Access Denied} A process has requested access to an object, but has not been granted those access rights. (0xc0000022)
[1027/182328.695:ERROR:exception_snapshot_win.cc(98)] thread ID 144068 not found in process
[1027/182328.781:ERROR:process_reader_win.cc(123)] NtOpenThread: {Access Denied} A process has requested access to an object, but has not been granted those access rights. (0xc0000022)
[1027/182328.782:ERROR:exception_snapshot_win.cc(98)] thread ID 98688 not found in process
[1027/182328.842:ERROR:process_reader_win.cc(123)] NtOpenThread: {Access Denied} A process has requested access to an object, but has not been granted those access rights. (0xc0000022)
[1027/182328.842:ERROR:exception_snapshot_win.cc(98)] thread ID 129632 not found in process
[1027/182328.905:ERROR:process_reader_win.cc(123)] NtOpenThread: {Access Denied} A process has requested access to an object, but has not been granted those access rights. (0xc0000022)
[1027/182328.905:ERROR:exception_snapshot_win.cc(98)] thread ID 75272 not found in process
[1027/182329.029:ERROR:process_reader_win.cc(123)] NtOpenThread: {Access Denied} A process has requested access to an object, but has not been granted those access rights. (0xc0000022)
[1027/182329.030:ERROR:exception_snapshot_win.cc(98)] thread ID 125416 not found in process
[1027/182329.109:ERROR:process_reader_win.cc(123)] NtOpenThread: {Access Denied} A process has requested access to an object, but has not been granted those access rights. (0xc0000022)
[1027/182329.109:ERROR:exception_snapshot_win.cc(98)] thread ID 86704 not found in process
[1027/182329.187:ERROR:process_reader_win.cc(123)] NtOpenThread: {Access Denied} A process has requested access to an object, but has not been granted those access rights. (0xc0000022)
[1027/182329.187:ERROR:exception_snapshot_win.cc(98)] thread ID 120880 not found in process
